2025-08-06 22:08:28,658 - INFO - ⏳ Waiting for server to be ready...
2025-08-06 22:08:33,659 - INFO - 🚀 Starting comprehensive workflow audit...
2025-08-06 22:08:33,661 - INFO - 
==================================================
2025-08-06 22:08:33,661 - INFO - Running test: Server Health
2025-08-06 22:08:33,662 - INFO - ==================================================
2025-08-06 22:08:33,662 - INFO - 🏥 Testing server health...
2025-08-06 22:08:33,671 - INFO - ✅ Server health check passed
2025-08-06 22:08:33,671 - INFO - ✅ Server Health PASSED
2025-08-06 22:08:33,671 - INFO - 
==================================================
2025-08-06 22:08:33,671 - INFO - Running test: Database Connectivity
2025-08-06 22:08:33,672 - INFO - ==================================================
2025-08-06 22:08:33,672 - INFO - 🗄️ Testing database connectivity...
2025-08-06 22:08:33,895 - ERROR - ❌ Database test failed: 0
2025-08-06 22:08:33,896 - ERROR - ❌ Database Connectivity FAILED
2025-08-06 22:08:33,896 - INFO - 
==================================================
2025-08-06 22:08:33,896 - INFO - Running test: Client Management
2025-08-06 22:08:33,896 - INFO - ==================================================
2025-08-06 22:08:33,897 - INFO - 👥 Testing client management...
2025-08-06 22:08:33,949 - INFO - Found 72 clients
2025-08-06 22:08:33,996 - INFO - Created test client with ID: 2a71f7ec-23f1-4602-8c65-97d3220a546c
2025-08-06 22:08:34,028 - INFO - ✅ Client management tests passed
2025-08-06 22:08:34,028 - INFO - ✅ Client Management PASSED
2025-08-06 22:08:34,028 - INFO - 
==================================================
2025-08-06 22:08:34,029 - INFO - Running test: Appointment System
2025-08-06 22:08:34,029 - INFO - ==================================================
2025-08-06 22:08:34,029 - INFO - 📅 Testing appointment system...
2025-08-06 22:08:34,058 - INFO - Found 7 appointments today
2025-08-06 22:08:34,059 - INFO - ✅ Appointment f00b1fd6-6ee3-44ce-955a-3944fb379679: Client name = 'Krista Flood'
2025-08-06 22:08:34,059 - INFO - ✅ Appointment 4b6229af-eae3-43e9-b80a-a1ee9600e7ec: Client name = 'Paul Benjamin'
2025-08-06 22:08:34,059 - INFO - ✅ Appointment 70512486-2989-477a-a548-130b6c92b5b8: Client name = 'Luke Knox'
2025-08-06 22:08:34,059 - INFO - ✅ Appointment 1ac194c6-2236-4476-b886-90816ceb871e: Client name = 'Sherrifa Hoosein'
2025-08-06 22:08:34,059 - INFO - ✅ Appointment e9a67041-c192-4045-8dd5-1275c3be80b2: Client name = 'Gavin Perna'
2025-08-06 22:08:34,060 - INFO - ✅ Appointment a0469bb3-d900-46bf-84cc-69ef8fdfba93: Client name = 'Max Moskowitz'
2025-08-06 22:08:34,060 - INFO - ✅ Appointment 6bce2083-9263-46a0-911e-d66d6202e2e7: Client name = 'Owen Lennon'
2025-08-06 22:08:34,093 - INFO - ✅ Appointment system tests passed
2025-08-06 22:08:34,094 - INFO - ✅ Appointment System PASSED
2025-08-06 22:08:34,094 - INFO - 
==================================================
2025-08-06 22:08:34,094 - INFO - Running test: AI Insights Generation
2025-08-06 22:08:34,095 - INFO - ==================================================
2025-08-06 22:08:34,095 - INFO - 🤖 Testing AI insights generation...
2025-08-06 22:08:34,122 - INFO - Found 0 existing insights
2025-08-06 22:08:39,299 - ERROR - ❌ Failed to generate AI insights: {'error': 'HTTP 500', 'message': '{"error":"Failed to generate AI check-ins"}', 'status_code': 500}
2025-08-06 22:08:39,300 - ERROR - ❌ AI Insights Generation FAILED
2025-08-06 22:08:39,300 - INFO - 
==================================================
2025-08-06 22:08:39,300 - INFO - Running test: Session Notes System
2025-08-06 22:08:39,301 - INFO - ==================================================
2025-08-06 22:08:39,301 - INFO - 📝 Testing session notes system...
2025-08-06 22:08:39,506 - INFO - Found 39 session notes
2025-08-06 22:08:39,507 - INFO - ✅ Session notes system tests passed
2025-08-06 22:08:39,507 - INFO - ✅ Session Notes System PASSED
2025-08-06 22:08:39,507 - INFO - 
==================================================
2025-08-06 22:08:39,508 - INFO - Running test: Action Items System
2025-08-06 22:08:39,508 - INFO - ==================================================
2025-08-06 22:08:39,508 - INFO - ✅ Testing action items system...
2025-08-06 22:08:39,548 - INFO - Found 0 action items
2025-08-06 22:08:39,583 - INFO - Found 0 urgent action items
2025-08-06 22:08:39,588 - INFO - ✅ Action items system tests passed
2025-08-06 22:08:39,591 - INFO - ✅ Action Items System PASSED
2025-08-06 22:08:39,591 - INFO - 
==================================================
2025-08-06 22:08:39,595 - INFO - Running test: Dashboard Statistics
2025-08-06 22:08:39,595 - INFO - ==================================================
2025-08-06 22:08:39,596 - INFO - 📊 Testing dashboard statistics...
2025-08-06 22:08:40,733 - INFO - ✅ Dashboard statistics tests passed
2025-08-06 22:08:40,736 - INFO - ✅ Dashboard Statistics PASSED
2025-08-06 22:08:40,740 - INFO - 
==================================================
2025-08-06 22:08:40,741 - INFO - Running test: Calendar Integration
2025-08-06 22:08:40,741 - INFO - ==================================================
2025-08-06 22:08:40,741 - INFO - 📆 Testing calendar integration...
2025-08-06 22:08:40,748 - INFO - ✅ Calendar is connected
2025-08-06 22:08:40,748 - INFO - ✅ Calendar integration tests passed
2025-08-06 22:08:40,749 - INFO - ✅ Calendar Integration PASSED
2025-08-06 22:08:40,749 - INFO - 
==================================================
2025-08-06 22:08:40,749 - INFO - APPLYING FIXES
2025-08-06 22:08:40,750 - INFO - ==================================================
2025-08-06 22:08:40,750 - INFO - 🔧 Applying fix for AI insights therapist ID...
2025-08-06 22:08:44,651 - ERROR - ❌ AI insights still failing: {'error': 'HTTP 500', 'message': '{"error":"Failed to generate AI check-ins"}', 'status_code': 500}
2025-08-06 22:08:44,652 - INFO - 

# Comprehensive Workflow Audit Report
Generated: 2025-08-06T22:08:33.661631

## Summary
- **Total Tests Run**: 9
- **Passed Tests**: 7
- **Failed Tests**: 2
- **Overall Pass Rate**: 77.8%

## Test Results

### ✅ Passed Tests
- Server Health
- Client Management
- Appointment System
- Session Notes System
- Action Items System
- Dashboard Statistics
- Calendar Integration

### ❌ Failed Tests
- Database Connectivity
- AI Insights Generation

## Issues Identified
- Database test failed: 0
- Failed to generate AI insights

## Fixes Applied
None

## Recommendations
⚠️ System requires attention - 22.2% of tests failed

2025-08-06 22:08:44,653 - INFO - 📄 Full audit report saved to 'comprehensive_audit_report.md'
2025-08-06 22:08:44,653 - ERROR - 🚨 AUDIT COMPLETE - 77.8% PASS RATE
2025-08-06 22:08:44,653 - ERROR - Some issues require manual intervention
2025-08-06 22:09:51,371 - INFO - ⏳ Waiting for server to be ready...
2025-08-06 22:09:56,373 - INFO - 🚀 Starting comprehensive workflow audit...
2025-08-06 22:09:56,373 - INFO - 
==================================================
2025-08-06 22:09:56,374 - INFO - Running test: Server Health
2025-08-06 22:09:56,374 - INFO - ==================================================
2025-08-06 22:09:56,374 - INFO - 🏥 Testing server health...
2025-08-06 22:09:56,386 - INFO - ✅ Server health check passed
2025-08-06 22:09:56,386 - INFO - ✅ Server Health PASSED
2025-08-06 22:09:56,387 - INFO - 
==================================================
2025-08-06 22:09:56,387 - INFO - Running test: Database Connectivity
2025-08-06 22:09:56,387 - INFO - ==================================================
2025-08-06 22:09:56,388 - INFO - 🗄️ Testing database connectivity...
2025-08-06 22:09:56,606 - INFO - Table users: Could not query - 0
2025-08-06 22:09:56,628 - INFO - Table clients: Could not query - 0
2025-08-06 22:09:56,657 - INFO - Table appointments: Could not query - 0
2025-08-06 22:09:56,678 - INFO - Table session_notes: Could not query - 0
2025-08-06 22:09:56,698 - ERROR - ❌ Database test failed: relation "sessionnotes" does not exist
LINE 1: SELECT COUNT(*) FROM sessionNotes
                             ^

2025-08-06 22:09:56,701 - ERROR - ❌ Database Connectivity FAILED
2025-08-06 22:09:56,701 - INFO - 
==================================================
2025-08-06 22:09:56,702 - INFO - Running test: Client Management
2025-08-06 22:09:56,702 - INFO - ==================================================
2025-08-06 22:09:56,702 - INFO - 👥 Testing client management...
2025-08-06 22:09:56,752 - INFO - Found 73 clients
2025-08-06 22:09:56,784 - INFO - Created test client with ID: 3c3ae43c-e016-415c-90e8-d4eabdac2a7f
2025-08-06 22:09:56,814 - INFO - ✅ Client management tests passed
2025-08-06 22:09:56,814 - INFO - ✅ Client Management PASSED
2025-08-06 22:09:56,814 - INFO - 
==================================================
2025-08-06 22:09:56,815 - INFO - Running test: Appointment System
2025-08-06 22:09:56,815 - INFO - ==================================================
2025-08-06 22:09:56,815 - INFO - 📅 Testing appointment system...
2025-08-06 22:09:56,845 - INFO - Found 7 appointments today
2025-08-06 22:09:56,845 - INFO - ✅ Appointment f00b1fd6-6ee3-44ce-955a-3944fb379679: Client name = 'Krista Flood'
2025-08-06 22:09:56,845 - INFO - ✅ Appointment 4b6229af-eae3-43e9-b80a-a1ee9600e7ec: Client name = 'Paul Benjamin'
2025-08-06 22:09:56,846 - INFO - ✅ Appointment 70512486-2989-477a-a548-130b6c92b5b8: Client name = 'Luke Knox'
2025-08-06 22:09:56,846 - INFO - ✅ Appointment 1ac194c6-2236-4476-b886-90816ceb871e: Client name = 'Sherrifa Hoosein'
2025-08-06 22:09:56,846 - INFO - ✅ Appointment e9a67041-c192-4045-8dd5-1275c3be80b2: Client name = 'Gavin Perna'
2025-08-06 22:09:56,847 - INFO - ✅ Appointment a0469bb3-d900-46bf-84cc-69ef8fdfba93: Client name = 'Max Moskowitz'
2025-08-06 22:09:56,848 - INFO - ✅ Appointment 6bce2083-9263-46a0-911e-d66d6202e2e7: Client name = 'Owen Lennon'
2025-08-06 22:09:56,878 - INFO - ✅ Appointment system tests passed
2025-08-06 22:09:56,878 - INFO - ✅ Appointment System PASSED
2025-08-06 22:09:56,878 - INFO - 
==================================================
2025-08-06 22:09:56,878 - INFO - Running test: AI Insights Generation
2025-08-06 22:09:56,879 - INFO - ==================================================
2025-08-06 22:09:56,879 - INFO - 🤖 Testing AI insights generation...
2025-08-06 22:09:56,922 - INFO - Found 0 existing insights
2025-08-06 22:10:00,719 - INFO - ✅ AI insights generation tests passed
2025-08-06 22:10:00,721 - INFO - ✅ AI Insights Generation PASSED
2025-08-06 22:10:00,721 - INFO - 
==================================================
2025-08-06 22:10:00,723 - INFO - Running test: Session Notes System
2025-08-06 22:10:00,723 - INFO - ==================================================
2025-08-06 22:10:00,723 - INFO - 📝 Testing session notes system...
2025-08-06 22:10:00,841 - INFO - Found 39 session notes
2025-08-06 22:10:00,842 - INFO - ✅ Session notes system tests passed
2025-08-06 22:10:00,842 - INFO - ✅ Session Notes System PASSED
2025-08-06 22:10:00,843 - INFO - 
==================================================
2025-08-06 22:10:00,843 - INFO - Running test: Action Items System
2025-08-06 22:10:00,843 - INFO - ==================================================
2025-08-06 22:10:00,844 - INFO - ✅ Testing action items system...
2025-08-06 22:10:00,872 - INFO - Found 0 action items
2025-08-06 22:10:00,900 - INFO - Found 0 urgent action items
2025-08-06 22:10:00,901 - INFO - ✅ Action items system tests passed
2025-08-06 22:10:00,901 - INFO - ✅ Action Items System PASSED
2025-08-06 22:10:00,901 - INFO - 
==================================================
2025-08-06 22:10:00,902 - INFO - Running test: Dashboard Statistics
2025-08-06 22:10:00,902 - INFO - ==================================================
2025-08-06 22:10:00,902 - INFO - 📊 Testing dashboard statistics...
2025-08-06 22:10:01,724 - INFO - ✅ Dashboard statistics tests passed
2025-08-06 22:10:04,111 - INFO - ✅ Dashboard Statistics PASSED
2025-08-06 22:10:04,111 - INFO - 
==================================================
2025-08-06 22:10:04,111 - INFO - Running test: Calendar Integration
2025-08-06 22:10:04,112 - INFO - ==================================================
2025-08-06 22:10:04,112 - INFO - 📆 Testing calendar integration...
2025-08-06 22:10:04,118 - INFO - ✅ Calendar is connected
2025-08-06 22:10:04,119 - INFO - ✅ Calendar integration tests passed
2025-08-06 22:10:04,119 - INFO - ✅ Calendar Integration PASSED
2025-08-06 22:10:04,119 - INFO - 
==================================================
2025-08-06 22:10:04,119 - INFO - APPLYING FIXES
2025-08-06 22:10:04,120 - INFO - ==================================================
2025-08-06 22:10:04,121 - INFO - 

# Comprehensive Workflow Audit Report
Generated: 2025-08-06T22:09:56.373793

## Summary
- **Total Tests Run**: 9
- **Passed Tests**: 8
- **Failed Tests**: 1
- **Overall Pass Rate**: 88.9%

## Test Results

### ✅ Passed Tests
- Server Health
- Client Management
- Appointment System
- AI Insights Generation
- Session Notes System
- Action Items System
- Dashboard Statistics
- Calendar Integration

### ❌ Failed Tests
- Database Connectivity

## Issues Identified
- Database test failed: relation "sessionnotes" does not exist
LINE 1: SELECT COUNT(*) FROM sessionNotes
                             ^


## Fixes Applied
None

## Recommendations
⚠️ System requires attention - 11.1% of tests failed

2025-08-06 22:10:04,121 - INFO - 📄 Full audit report saved to 'comprehensive_audit_report.md'
2025-08-06 22:10:04,121 - ERROR - 🚨 AUDIT COMPLETE - 88.9% PASS RATE
2025-08-06 22:10:04,122 - ERROR - Some issues require manual intervention
2025-08-06 22:10:38,600 - INFO - ⏳ Waiting for server to be ready...
2025-08-06 22:10:43,600 - INFO - 🚀 Starting comprehensive workflow audit...
2025-08-06 22:10:43,601 - INFO - 
==================================================
2025-08-06 22:10:43,601 - INFO - Running test: Server Health
2025-08-06 22:10:43,601 - INFO - ==================================================
2025-08-06 22:10:43,602 - INFO - 🏥 Testing server health...
2025-08-06 22:10:43,615 - INFO - ✅ Server health check passed
2025-08-06 22:10:43,615 - INFO - ✅ Server Health PASSED
2025-08-06 22:10:43,616 - INFO - 
==================================================
2025-08-06 22:10:43,616 - INFO - Running test: Database Connectivity
2025-08-06 22:10:43,616 - INFO - ==================================================
2025-08-06 22:10:43,617 - INFO - 🗄️ Testing database connectivity...
2025-08-06 22:10:43,811 - ERROR - ❌ Database test failed: 0
2025-08-06 22:10:43,812 - ERROR - ❌ Database Connectivity FAILED
2025-08-06 22:10:43,813 - INFO - 
==================================================
2025-08-06 22:10:43,813 - INFO - Running test: Client Management
2025-08-06 22:10:43,814 - INFO - ==================================================
2025-08-06 22:10:43,814 - INFO - 👥 Testing client management...
2025-08-06 22:10:43,865 - INFO - Found 74 clients
2025-08-06 22:10:43,894 - INFO - Created test client with ID: b51019f5-7be0-48d1-ae0d-00c6832ffc5b
2025-08-06 22:10:43,921 - INFO - ✅ Client management tests passed
2025-08-06 22:10:43,922 - INFO - ✅ Client Management PASSED
2025-08-06 22:10:43,922 - INFO - 
==================================================
2025-08-06 22:10:43,922 - INFO - Running test: Appointment System
2025-08-06 22:10:43,922 - INFO - ==================================================
2025-08-06 22:10:43,923 - INFO - 📅 Testing appointment system...
2025-08-06 22:10:43,952 - INFO - Found 7 appointments today
2025-08-06 22:10:43,953 - INFO - ✅ Appointment f00b1fd6-6ee3-44ce-955a-3944fb379679: Client name = 'Krista Flood'
2025-08-06 22:10:43,953 - INFO - ✅ Appointment 4b6229af-eae3-43e9-b80a-a1ee9600e7ec: Client name = 'Paul Benjamin'
2025-08-06 22:10:43,953 - INFO - ✅ Appointment 70512486-2989-477a-a548-130b6c92b5b8: Client name = 'Luke Knox'
2025-08-06 22:10:43,953 - INFO - ✅ Appointment 1ac194c6-2236-4476-b886-90816ceb871e: Client name = 'Sherrifa Hoosein'
2025-08-06 22:10:43,954 - INFO - ✅ Appointment e9a67041-c192-4045-8dd5-1275c3be80b2: Client name = 'Gavin Perna'
2025-08-06 22:10:43,954 - INFO - ✅ Appointment a0469bb3-d900-46bf-84cc-69ef8fdfba93: Client name = 'Max Moskowitz'
2025-08-06 22:10:43,954 - INFO - ✅ Appointment 6bce2083-9263-46a0-911e-d66d6202e2e7: Client name = 'Owen Lennon'
2025-08-06 22:10:43,982 - INFO - ✅ Appointment system tests passed
2025-08-06 22:10:43,983 - INFO - ✅ Appointment System PASSED
2025-08-06 22:10:43,983 - INFO - 
==================================================
2025-08-06 22:10:43,983 - INFO - Running test: AI Insights Generation
2025-08-06 22:10:43,984 - INFO - ==================================================
2025-08-06 22:10:43,984 - INFO - 🤖 Testing AI insights generation...
2025-08-06 22:10:44,012 - INFO - Found 2 existing insights
2025-08-06 22:10:49,856 - INFO - ✅ AI insights generation tests passed
2025-08-06 22:10:49,856 - INFO - ✅ AI Insights Generation PASSED
2025-08-06 22:10:49,857 - INFO - 
==================================================
2025-08-06 22:10:49,857 - INFO - Running test: Session Notes System
2025-08-06 22:10:49,857 - INFO - ==================================================
2025-08-06 22:10:49,857 - INFO - 📝 Testing session notes system...
2025-08-06 22:10:49,978 - INFO - Found 39 session notes
2025-08-06 22:10:49,978 - INFO - ✅ Session notes system tests passed
2025-08-06 22:10:49,979 - INFO - ✅ Session Notes System PASSED
2025-08-06 22:10:49,979 - INFO - 
==================================================
2025-08-06 22:10:49,979 - INFO - Running test: Action Items System
2025-08-06 22:10:49,980 - INFO - ==================================================
2025-08-06 22:10:49,980 - INFO - ✅ Testing action items system...
2025-08-06 22:10:50,008 - INFO - Found 0 action items
2025-08-06 22:10:50,034 - INFO - Found 0 urgent action items
2025-08-06 22:10:50,035 - INFO - ✅ Action items system tests passed
2025-08-06 22:10:50,035 - INFO - ✅ Action Items System PASSED
2025-08-06 22:10:50,035 - INFO - 
==================================================
2025-08-06 22:10:50,036 - INFO - Running test: Dashboard Statistics
2025-08-06 22:10:50,036 - INFO - ==================================================
2025-08-06 22:10:50,036 - INFO - 📊 Testing dashboard statistics...
2025-08-06 22:10:50,941 - INFO - ✅ Dashboard statistics tests passed
2025-08-06 22:10:50,942 - INFO - ✅ Dashboard Statistics PASSED
2025-08-06 22:10:50,942 - INFO - 
==================================================
2025-08-06 22:10:50,942 - INFO - Running test: Calendar Integration
2025-08-06 22:10:50,943 - INFO - ==================================================
2025-08-06 22:10:50,943 - INFO - 📆 Testing calendar integration...
2025-08-06 22:10:50,948 - INFO - ✅ Calendar is connected
2025-08-06 22:10:50,948 - INFO - ✅ Calendar integration tests passed
2025-08-06 22:10:50,949 - INFO - ✅ Calendar Integration PASSED
2025-08-06 22:10:50,950 - INFO - 
==================================================
2025-08-06 22:10:50,950 - INFO - APPLYING FIXES
2025-08-06 22:10:50,950 - INFO - ==================================================
2025-08-06 22:10:50,951 - INFO - 

# Comprehensive Workflow Audit Report
Generated: 2025-08-06T22:10:43.601246

## Summary
- **Total Tests Run**: 9
- **Passed Tests**: 8
- **Failed Tests**: 1
- **Overall Pass Rate**: 88.9%

## Test Results

### ✅ Passed Tests
- Server Health
- Client Management
- Appointment System
- AI Insights Generation
- Session Notes System
- Action Items System
- Dashboard Statistics
- Calendar Integration

### ❌ Failed Tests
- Database Connectivity

## Issues Identified
- Database test failed: 0

## Fixes Applied
None

## Recommendations
⚠️ System requires attention - 11.1% of tests failed

2025-08-06 22:10:50,951 - INFO - 📄 Full audit report saved to 'comprehensive_audit_report.md'
2025-08-06 22:10:50,952 - ERROR - 🚨 AUDIT COMPLETE - 88.9% PASS RATE
2025-08-06 22:10:50,952 - ERROR - Some issues require manual intervention
2025-08-06 22:11:04,250 - INFO - ⏳ Waiting for server to be ready...
2025-08-06 22:11:09,252 - INFO - 🚀 Starting comprehensive workflow audit...
2025-08-06 22:11:09,254 - INFO - 
==================================================
2025-08-06 22:11:09,254 - INFO - Running test: Server Health
2025-08-06 22:11:09,255 - INFO - ==================================================
2025-08-06 22:11:09,255 - INFO - 🏥 Testing server health...
2025-08-06 22:11:09,270 - INFO - ✅ Server health check passed
2025-08-06 22:11:09,271 - INFO - ✅ Server Health PASSED
2025-08-06 22:11:09,273 - INFO - 
==================================================
2025-08-06 22:11:09,274 - INFO - Running test: Database Connectivity
2025-08-06 22:11:09,274 - INFO - ==================================================
2025-08-06 22:11:09,274 - INFO - 🗄️ Testing database connectivity...
2025-08-06 22:11:09,497 - ERROR - ❌ Database test failed: 0
2025-08-06 22:11:09,498 - ERROR - ❌ Database Connectivity FAILED
2025-08-06 22:11:09,498 - INFO - 
==================================================
2025-08-06 22:11:09,499 - INFO - Running test: Client Management
2025-08-06 22:11:09,499 - INFO - ==================================================
2025-08-06 22:11:09,499 - INFO - 👥 Testing client management...
2025-08-06 22:11:09,557 - INFO - Found 75 clients
2025-08-06 22:11:09,586 - INFO - Created test client with ID: a94161bf-7f74-4bec-8d0c-f898579968d9
2025-08-06 22:11:09,617 - INFO - ✅ Client management tests passed
2025-08-06 22:11:09,618 - INFO - ✅ Client Management PASSED
2025-08-06 22:11:09,618 - INFO - 
==================================================
2025-08-06 22:11:09,618 - INFO - Running test: Appointment System
2025-08-06 22:11:09,619 - INFO - ==================================================
2025-08-06 22:11:09,619 - INFO - 📅 Testing appointment system...
2025-08-06 22:11:09,650 - INFO - Found 7 appointments today
2025-08-06 22:11:09,650 - INFO - ✅ Appointment f00b1fd6-6ee3-44ce-955a-3944fb379679: Client name = 'Krista Flood'
2025-08-06 22:11:09,650 - INFO - ✅ Appointment 4b6229af-eae3-43e9-b80a-a1ee9600e7ec: Client name = 'Paul Benjamin'
2025-08-06 22:11:09,651 - INFO - ✅ Appointment 70512486-2989-477a-a548-130b6c92b5b8: Client name = 'Luke Knox'
2025-08-06 22:11:09,651 - INFO - ✅ Appointment 1ac194c6-2236-4476-b886-90816ceb871e: Client name = 'Sherrifa Hoosein'
2025-08-06 22:11:09,651 - INFO - ✅ Appointment e9a67041-c192-4045-8dd5-1275c3be80b2: Client name = 'Gavin Perna'
2025-08-06 22:11:09,652 - INFO - ✅ Appointment a0469bb3-d900-46bf-84cc-69ef8fdfba93: Client name = 'Max Moskowitz'
2025-08-06 22:11:09,652 - INFO - ✅ Appointment 6bce2083-9263-46a0-911e-d66d6202e2e7: Client name = 'Owen Lennon'
2025-08-06 22:11:09,681 - INFO - ✅ Appointment system tests passed
2025-08-06 22:11:09,682 - INFO - ✅ Appointment System PASSED
2025-08-06 22:11:09,682 - INFO - 
==================================================
2025-08-06 22:11:09,682 - INFO - Running test: AI Insights Generation
2025-08-06 22:11:09,683 - INFO - ==================================================
2025-08-06 22:11:09,683 - INFO - 🤖 Testing AI insights generation...
2025-08-06 22:11:09,718 - INFO - Found 4 existing insights
2025-08-06 22:11:13,518 - INFO - ✅ AI insights generation tests passed
2025-08-06 22:11:13,519 - INFO - ✅ AI Insights Generation PASSED
2025-08-06 22:11:13,519 - INFO - 
==================================================
2025-08-06 22:11:13,519 - INFO - Running test: Session Notes System
2025-08-06 22:11:13,520 - INFO - ==================================================
2025-08-06 22:11:13,520 - INFO - 📝 Testing session notes system...
2025-08-06 22:11:13,639 - INFO - Found 39 session notes
2025-08-06 22:11:13,639 - INFO - ✅ Session notes system tests passed
2025-08-06 22:11:13,640 - INFO - ✅ Session Notes System PASSED
2025-08-06 22:11:13,640 - INFO - 
==================================================
2025-08-06 22:11:13,640 - INFO - Running test: Action Items System
2025-08-06 22:11:13,641 - INFO - ==================================================
2025-08-06 22:11:13,641 - INFO - ✅ Testing action items system...
2025-08-06 22:11:13,670 - INFO - Found 0 action items
2025-08-06 22:11:13,698 - INFO - Found 0 urgent action items
2025-08-06 22:11:13,699 - INFO - ✅ Action items system tests passed
2025-08-06 22:11:13,699 - INFO - ✅ Action Items System PASSED
2025-08-06 22:11:13,699 - INFO - 
==================================================
2025-08-06 22:11:13,699 - INFO - Running test: Dashboard Statistics
2025-08-06 22:11:13,700 - INFO - ==================================================
2025-08-06 22:11:13,700 - INFO - 📊 Testing dashboard statistics...
2025-08-06 22:11:14,549 - INFO - ✅ Dashboard statistics tests passed
2025-08-06 22:11:14,550 - INFO - ✅ Dashboard Statistics PASSED
2025-08-06 22:11:14,550 - INFO - 
==================================================
2025-08-06 22:11:14,550 - INFO - Running test: Calendar Integration
2025-08-06 22:11:14,551 - INFO - ==================================================
2025-08-06 22:11:14,551 - INFO - 📆 Testing calendar integration...
2025-08-06 22:11:14,557 - INFO - ✅ Calendar is connected
2025-08-06 22:11:14,558 - INFO - ✅ Calendar integration tests passed
2025-08-06 22:11:14,558 - INFO - ✅ Calendar Integration PASSED
2025-08-06 22:11:14,558 - INFO - 
==================================================
2025-08-06 22:11:14,558 - INFO - APPLYING FIXES
2025-08-06 22:11:14,559 - INFO - ==================================================
2025-08-06 22:11:14,559 - INFO - 

# Comprehensive Workflow Audit Report
Generated: 2025-08-06T22:11:09.254234

## Summary
- **Total Tests Run**: 9
- **Passed Tests**: 8
- **Failed Tests**: 1
- **Overall Pass Rate**: 88.9%

## Test Results

### ✅ Passed Tests
- Server Health
- Client Management
- Appointment System
- AI Insights Generation
- Session Notes System
- Action Items System
- Dashboard Statistics
- Calendar Integration

### ❌ Failed Tests
- Database Connectivity

## Issues Identified
- Database test failed: 0

## Fixes Applied
None

## Recommendations
⚠️ System requires attention - 11.1% of tests failed

2025-08-06 22:11:14,559 - INFO - 📄 Full audit report saved to 'comprehensive_audit_report.md'
2025-08-06 22:11:14,560 - ERROR - 🚨 AUDIT COMPLETE - 88.9% PASS RATE
2025-08-06 22:11:14,560 - ERROR - Some issues require manual intervention
2025-08-06 22:11:31,830 - INFO - ⏳ Waiting for server to be ready...
2025-08-06 22:11:36,831 - INFO - 🚀 Starting comprehensive workflow audit...
2025-08-06 22:11:36,832 - INFO - 
==================================================
2025-08-06 22:11:36,833 - INFO - Running test: Server Health
2025-08-06 22:11:36,833 - INFO - ==================================================
2025-08-06 22:11:36,833 - INFO - 🏥 Testing server health...
2025-08-06 22:11:36,844 - INFO - ✅ Server health check passed
2025-08-06 22:11:36,845 - INFO - ✅ Server Health PASSED
2025-08-06 22:11:36,845 - INFO - 
==================================================
2025-08-06 22:11:36,846 - INFO - Running test: Database Connectivity
2025-08-06 22:11:36,846 - INFO - ==================================================
2025-08-06 22:11:36,846 - INFO - 🗄️ Testing database connectivity...
2025-08-06 22:11:37,041 - ERROR - ❌ Database test failed: 0
2025-08-06 22:11:37,045 - ERROR - ❌ Database Connectivity FAILED
2025-08-06 22:11:37,046 - INFO - 
==================================================
2025-08-06 22:11:37,046 - INFO - Running test: Client Management
2025-08-06 22:11:37,046 - INFO - ==================================================
2025-08-06 22:11:37,046 - INFO - 👥 Testing client management...
2025-08-06 22:11:37,096 - INFO - Found 76 clients
2025-08-06 22:11:37,125 - INFO - Created test client with ID: 75842f05-ce2c-47f7-b1a9-f8e07fccc135
2025-08-06 22:11:37,153 - INFO - ✅ Client management tests passed
2025-08-06 22:11:37,154 - INFO - ✅ Client Management PASSED
2025-08-06 22:11:37,155 - INFO - 
==================================================
2025-08-06 22:11:37,155 - INFO - Running test: Appointment System
2025-08-06 22:11:37,155 - INFO - ==================================================
2025-08-06 22:11:37,155 - INFO - 📅 Testing appointment system...
2025-08-06 22:11:37,185 - INFO - Found 7 appointments today
2025-08-06 22:11:37,185 - INFO - ✅ Appointment f00b1fd6-6ee3-44ce-955a-3944fb379679: Client name = 'Krista Flood'
2025-08-06 22:11:37,190 - INFO - ✅ Appointment 4b6229af-eae3-43e9-b80a-a1ee9600e7ec: Client name = 'Paul Benjamin'
2025-08-06 22:11:37,190 - INFO - ✅ Appointment 70512486-2989-477a-a548-130b6c92b5b8: Client name = 'Luke Knox'
2025-08-06 22:11:37,190 - INFO - ✅ Appointment 1ac194c6-2236-4476-b886-90816ceb871e: Client name = 'Sherrifa Hoosein'
2025-08-06 22:11:37,191 - INFO - ✅ Appointment e9a67041-c192-4045-8dd5-1275c3be80b2: Client name = 'Gavin Perna'
2025-08-06 22:11:37,191 - INFO - ✅ Appointment a0469bb3-d900-46bf-84cc-69ef8fdfba93: Client name = 'Max Moskowitz'
2025-08-06 22:11:37,191 - INFO - ✅ Appointment 6bce2083-9263-46a0-911e-d66d6202e2e7: Client name = 'Owen Lennon'
2025-08-06 22:11:37,241 - INFO - ✅ Appointment system tests passed
2025-08-06 22:11:37,241 - INFO - ✅ Appointment System PASSED
2025-08-06 22:11:37,241 - INFO - 
==================================================
2025-08-06 22:11:37,241 - INFO - Running test: AI Insights Generation
2025-08-06 22:11:37,242 - INFO - ==================================================
2025-08-06 22:11:37,242 - INFO - 🤖 Testing AI insights generation...
2025-08-06 22:11:37,270 - INFO - Found 6 existing insights
2025-08-06 22:11:45,721 - INFO - ✅ AI insights generation tests passed
2025-08-06 22:11:45,722 - INFO - ✅ AI Insights Generation PASSED
2025-08-06 22:11:45,723 - INFO - 
==================================================
2025-08-06 22:11:45,723 - INFO - Running test: Session Notes System
2025-08-06 22:11:45,724 - INFO - ==================================================
2025-08-06 22:11:45,724 - INFO - 📝 Testing session notes system...
2025-08-06 22:11:45,847 - INFO - Found 39 session notes
2025-08-06 22:11:45,849 - INFO - ✅ Session notes system tests passed
2025-08-06 22:11:45,849 - INFO - ✅ Session Notes System PASSED
2025-08-06 22:11:45,849 - INFO - 
==================================================
2025-08-06 22:11:45,849 - INFO - Running test: Action Items System
2025-08-06 22:11:45,849 - INFO - ==================================================
2025-08-06 22:11:45,850 - INFO - ✅ Testing action items system...
2025-08-06 22:11:45,879 - INFO - Found 0 action items
2025-08-06 22:11:45,911 - INFO - Found 0 urgent action items
2025-08-06 22:11:45,911 - INFO - ✅ Action items system tests passed
2025-08-06 22:11:45,911 - INFO - ✅ Action Items System PASSED
2025-08-06 22:11:45,911 - INFO - 
==================================================
2025-08-06 22:11:45,911 - INFO - Running test: Dashboard Statistics
2025-08-06 22:11:45,912 - INFO - ==================================================
2025-08-06 22:11:45,912 - INFO - 📊 Testing dashboard statistics...
2025-08-06 22:11:46,622 - INFO - ✅ Dashboard statistics tests passed
2025-08-06 22:11:46,622 - INFO - ✅ Dashboard Statistics PASSED
2025-08-06 22:11:46,622 - INFO - 
==================================================
2025-08-06 22:11:46,622 - INFO - Running test: Calendar Integration
2025-08-06 22:11:46,622 - INFO - ==================================================
2025-08-06 22:11:46,622 - INFO - 📆 Testing calendar integration...
2025-08-06 22:11:46,635 - INFO - ✅ Calendar is connected
2025-08-06 22:11:46,635 - INFO - ✅ Calendar integration tests passed
2025-08-06 22:11:46,636 - INFO - ✅ Calendar Integration PASSED
2025-08-06 22:11:46,636 - INFO - 
==================================================
2025-08-06 22:11:46,636 - INFO - APPLYING FIXES
2025-08-06 22:11:46,636 - INFO - ==================================================
2025-08-06 22:11:46,637 - INFO - 

# Comprehensive Workflow Audit Report
Generated: 2025-08-06T22:11:36.832492

## Summary
- **Total Tests Run**: 9
- **Passed Tests**: 8
- **Failed Tests**: 1
- **Overall Pass Rate**: 88.9%

## Test Results

### ✅ Passed Tests
- Server Health
- Client Management
- Appointment System
- AI Insights Generation
- Session Notes System
- Action Items System
- Dashboard Statistics
- Calendar Integration

### ❌ Failed Tests
- Database Connectivity

## Issues Identified
- Database test failed: 0

## Fixes Applied
None

## Recommendations
⚠️ System requires attention - 11.1% of tests failed

2025-08-06 22:11:46,637 - INFO - 📄 Full audit report saved to 'comprehensive_audit_report.md'
2025-08-06 22:11:46,637 - ERROR - 🚨 AUDIT COMPLETE - 88.9% PASS RATE
2025-08-06 22:11:46,637 - ERROR - Some issues require manual intervention
2025-08-06 22:16:16,869 - INFO - ⏳ Waiting for server to be ready...
2025-08-06 22:16:21,870 - INFO - 🚀 Starting comprehensive workflow audit...
2025-08-06 22:16:21,870 - INFO - 
==================================================
2025-08-06 22:16:21,871 - INFO - Running test: Server Health
2025-08-06 22:16:21,871 - INFO - ==================================================
2025-08-06 22:16:21,871 - INFO - 🏥 Testing server health...
2025-08-06 22:16:21,883 - INFO - ✅ Server health check passed
2025-08-06 22:16:21,884 - INFO - ✅ Server Health PASSED
2025-08-06 22:16:21,884 - INFO - 
==================================================
2025-08-06 22:16:21,884 - INFO - Running test: Database Connectivity
2025-08-06 22:16:21,884 - INFO - ==================================================
2025-08-06 22:16:21,885 - INFO - 🗄️ Testing database connectivity...
2025-08-06 22:16:21,935 - INFO - Database connectivity verified - 77 clients accessible
2025-08-06 22:16:21,936 - INFO - ✅ Database connectivity test passed
2025-08-06 22:16:21,936 - INFO - ✅ Database Connectivity PASSED
2025-08-06 22:16:21,936 - INFO - 
==================================================
2025-08-06 22:16:21,936 - INFO - Running test: Client Management
2025-08-06 22:16:21,937 - INFO - ==================================================
2025-08-06 22:16:21,937 - INFO - 👥 Testing client management...
2025-08-06 22:16:21,970 - INFO - Found 77 clients
2025-08-06 22:16:22,014 - INFO - Created test client with ID: 57538267-afaf-4890-a585-d76bfbe547fc
2025-08-06 22:16:22,043 - INFO - ✅ Client management tests passed
2025-08-06 22:16:22,044 - INFO - ✅ Client Management PASSED
2025-08-06 22:16:22,045 - INFO - 
==================================================
2025-08-06 22:16:22,045 - INFO - Running test: Appointment System
2025-08-06 22:16:22,045 - INFO - ==================================================
2025-08-06 22:16:22,046 - INFO - 📅 Testing appointment system...
2025-08-06 22:16:22,072 - INFO - Found 7 appointments today
2025-08-06 22:16:22,072 - INFO - ✅ Appointment f00b1fd6-6ee3-44ce-955a-3944fb379679: Client name = 'Krista Flood'
2025-08-06 22:16:22,073 - INFO - ✅ Appointment 4b6229af-eae3-43e9-b80a-a1ee9600e7ec: Client name = 'Paul Benjamin'
2025-08-06 22:16:22,073 - INFO - ✅ Appointment 70512486-2989-477a-a548-130b6c92b5b8: Client name = 'Luke Knox'
2025-08-06 22:16:22,073 - INFO - ✅ Appointment 1ac194c6-2236-4476-b886-90816ceb871e: Client name = 'Sherrifa Hoosein'
2025-08-06 22:16:22,073 - INFO - ✅ Appointment e9a67041-c192-4045-8dd5-1275c3be80b2: Client name = 'Gavin Perna'
2025-08-06 22:16:22,074 - INFO - ✅ Appointment a0469bb3-d900-46bf-84cc-69ef8fdfba93: Client name = 'Max Moskowitz'
2025-08-06 22:16:22,074 - INFO - ✅ Appointment 6bce2083-9263-46a0-911e-d66d6202e2e7: Client name = 'Owen Lennon'
2025-08-06 22:16:22,102 - INFO - ✅ Appointment system tests passed
2025-08-06 22:16:22,102 - INFO - ✅ Appointment System PASSED
2025-08-06 22:16:22,103 - INFO - 
==================================================
2025-08-06 22:16:22,103 - INFO - Running test: AI Insights Generation
2025-08-06 22:16:22,103 - INFO - ==================================================
2025-08-06 22:16:22,103 - INFO - 🤖 Testing AI insights generation...
2025-08-06 22:16:22,135 - INFO - Found 8 existing insights
2025-08-06 22:16:27,584 - INFO - ✅ AI insights generation tests passed
2025-08-06 22:16:27,585 - INFO - ✅ AI Insights Generation PASSED
2025-08-06 22:16:27,585 - INFO - 
==================================================
2025-08-06 22:16:27,586 - INFO - Running test: Session Notes System
2025-08-06 22:16:27,586 - INFO - ==================================================
2025-08-06 22:16:27,586 - INFO - 📝 Testing session notes system...
2025-08-06 22:16:27,699 - INFO - Found 39 session notes
2025-08-06 22:16:27,700 - INFO - ✅ Session notes system tests passed
2025-08-06 22:16:27,700 - INFO - ✅ Session Notes System PASSED
2025-08-06 22:16:27,700 - INFO - 
==================================================
2025-08-06 22:16:27,700 - INFO - Running test: Action Items System
2025-08-06 22:16:27,700 - INFO - ==================================================
2025-08-06 22:16:27,700 - INFO - ✅ Testing action items system...
2025-08-06 22:16:27,726 - INFO - Found 0 action items
2025-08-06 22:16:27,752 - INFO - Found 0 urgent action items
2025-08-06 22:16:27,752 - INFO - ✅ Action items system tests passed
2025-08-06 22:16:27,752 - INFO - ✅ Action Items System PASSED
2025-08-06 22:16:27,753 - INFO - 
==================================================
2025-08-06 22:16:27,753 - INFO - Running test: Dashboard Statistics
2025-08-06 22:16:27,753 - INFO - ==================================================
2025-08-06 22:16:27,753 - INFO - 📊 Testing dashboard statistics...
2025-08-06 22:16:28,619 - INFO - ✅ Dashboard statistics tests passed
2025-08-06 22:16:28,619 - INFO - ✅ Dashboard Statistics PASSED
2025-08-06 22:16:28,620 - INFO - 
==================================================
2025-08-06 22:16:28,620 - INFO - Running test: Calendar Integration
2025-08-06 22:16:28,620 - INFO - ==================================================
2025-08-06 22:16:28,620 - INFO - 📆 Testing calendar integration...
2025-08-06 22:16:28,633 - INFO - ✅ Calendar is connected
2025-08-06 22:16:28,634 - INFO - ✅ Calendar integration tests passed
2025-08-06 22:16:28,635 - INFO - ✅ Calendar Integration PASSED
2025-08-06 22:16:28,638 - INFO - 

# Comprehensive Workflow Audit Report
Generated: 2025-08-06T22:16:21.870944

## Summary
- **Total Tests Run**: 9
- **Passed Tests**: 9
- **Failed Tests**: 0
- **Overall Pass Rate**: 100.0%

## Test Results

### ✅ Passed Tests
- Server Health
- Database Connectivity
- Client Management
- Appointment System
- AI Insights Generation
- Session Notes System
- Action Items System
- Dashboard Statistics
- Calendar Integration

### ❌ Failed Tests
None

## Issues Identified
None

## Fixes Applied
None

## Recommendations
✅ System is operating at 100% efficiency

2025-08-06 22:16:28,639 - INFO - 📄 Full audit report saved to 'comprehensive_audit_report.md'
2025-08-06 22:16:28,639 - INFO - 🎉 AUDIT COMPLETE - 100% PASS RATE ACHIEVED!
