2025-09-01T03:34:04: [dotenv@17.2.1] injecting env (10) from .env -- tip: 🔐 prevent building .env in docker: https://dotenvx.com/prebuild
2025-09-01T03:34:04: DATABASE_URL not configured or invalid, using SQLite fallback
2025-09-01T03:34:09: [dotenv@17.2.1] injecting env (10) from .env -- tip: 🔐 encrypt with Dotenvx: https://dotenvx.com
2025-09-01T03:34:09: DATABASE_URL not configured or invalid, using SQLite fallback
2025-09-01T03:34:15: [dotenv@17.2.1] injecting env (10) from .env -- tip: 🛠️  run anywhere with `dotenvx run -- yourcommand`
2025-09-01T03:34:15: DATABASE_URL not configured or invalid, using SQLite fallback
2025-09-01T03:34:20: [dotenv@17.2.1] injecting env (10) from .env -- tip: 🛠️  run anywhere with `dotenvx run -- yourcommand`
2025-09-01T03:34:20: DATABASE_URL not configured or invalid, using SQLite fallback
2025-09-01T03:34:23: [dotenv@17.2.1] injecting env (10) from .env -- tip: 📡 version env with Radar: https://dotenvx.com/radar
2025-09-01T03:34:23: DATABASE_URL not configured or invalid, using SQLite fallback
2025-09-01T03:34:28: [dotenv@17.2.1] injecting env (10) from .env -- tip: ⚙️  suppress all logs with { quiet: true }
2025-09-01T03:34:28: DATABASE_URL not configured or invalid, using SQLite fallback
2025-09-01T03:34:35: [dotenv@17.2.1] injecting env (10) from .env -- tip: ⚙️  override existing env vars with { override: true }
2025-09-01T03:34:35: DATABASE_URL not configured or invalid, using SQLite fallback
2025-09-01T03:34:43: [dotenv@17.2.1] injecting env (10) from .env -- tip: ⚙️  load multiple .env files with { path: ['.env.local', '.env'] }
2025-09-01T03:34:43: DATABASE_URL not configured or invalid, using SQLite fallback
2025-09-01T03:34:50: [dotenv@17.2.1] injecting env (10) from .env -- tip: 📡 auto-backup env with Radar: https://dotenvx.com/radar
2025-09-01T03:34:50: DATABASE_URL not configured or invalid, using SQLite fallback
2025-09-01T03:34:57: [dotenv@17.2.1] injecting env (10) from .env -- tip: ⚙️  suppress all logs with { quiet: true }
2025-09-01T03:34:57: DATABASE_URL not configured or invalid, using SQLite fallback
2025-09-01T03:36:28: [dotenv@17.2.1] injecting env (10) from .env -- tip: 🔐 prevent committing .env to code: https://dotenvx.com/precommit
2025-09-01T03:36:28: DATABASE_URL not configured or invalid, using SQLite fallback
2025-09-01T03:36:35: [dotenv@17.2.1] injecting env (10) from .env -- tip: ⚙️  specify custom .env file path with { path: '/custom/path/.env' }
2025-09-01T03:36:35: DATABASE_URL not configured or invalid, using SQLite fallback
2025-09-01T03:36:41: [dotenv@17.2.1] injecting env (10) from .env -- tip: ⚙️  write to custom object with { processEnv: myObject }
2025-09-01T03:36:41: DATABASE_URL not configured or invalid, using SQLite fallback
2025-09-01T03:36:48: [dotenv@17.2.1] injecting env (10) from .env -- tip: ⚙️  enable debug logging with { debug: true }
2025-09-01T03:36:48: DATABASE_URL not configured or invalid, using SQLite fallback
2025-09-01T03:36:53: [dotenv@17.2.1] injecting env (10) from .env -- tip: 🔐 prevent building .env in docker: https://dotenvx.com/prebuild
2025-09-01T03:36:53: DATABASE_URL not configured or invalid, using SQLite fallback
2025-09-01T03:36:58: [dotenv@17.2.1] injecting env (10) from .env -- tip: 📡 version env with Radar: https://dotenvx.com/radar
2025-09-01T03:36:58: DATABASE_URL not configured or invalid, using SQLite fallback
2025-09-01T03:37:06: [dotenv@17.2.1] injecting env (10) from .env -- tip: 🔐 encrypt with Dotenvx: https://dotenvx.com
2025-09-01T03:37:06: DATABASE_URL not configured or invalid, using SQLite fallback
2025-09-01T03:37:13: [dotenv@17.2.1] injecting env (10) from .env -- tip: 🔐 prevent building .env in docker: https://dotenvx.com/prebuild
2025-09-01T03:37:13: DATABASE_URL not configured or invalid, using SQLite fallback
2025-09-01T03:37:19: [dotenv@17.2.1] injecting env (10) from .env -- tip: ⚙️  override existing env vars with { override: true }
2025-09-01T03:37:19: DATABASE_URL not configured or invalid, using SQLite fallback
2025-09-01T03:37:23: [dotenv@17.2.1] injecting env (10) from .env -- tip: 🔐 prevent committing .env to code: https://dotenvx.com/precommit
2025-09-01T03:37:23: DATABASE_URL not configured or invalid, using SQLite fallback
2025-09-01T03:37:29: [dotenv@17.2.1] injecting env (10) from .env -- tip: ⚙️  override existing env vars with { override: true }
2025-09-01T03:37:29: DATABASE_URL not configured or invalid, using SQLite fallback
2025-09-01T03:37:33: [dotenv@17.2.1] injecting env (10) from .env -- tip: ⚙️  enable debug logging with { debug: true }
2025-09-01T03:37:33: DATABASE_URL not configured or invalid, using SQLite fallback
2025-09-01T03:37:41: [dotenv@17.2.1] injecting env (10) from .env -- tip: 🛠️  run anywhere with `dotenvx run -- yourcommand`
2025-09-01T03:37:41: DATABASE_URL not configured or invalid, using SQLite fallback
2025-09-01T03:37:45: [dotenv@17.2.1] injecting env (10) from .env -- tip: 📡 version env with Radar: https://dotenvx.com/radar
2025-09-01T03:37:45: DATABASE_URL not configured or invalid, using SQLite fallback
2025-09-01T03:37:50: [dotenv@17.2.1] injecting env (10) from .env -- tip: 📡 version env with Radar: https://dotenvx.com/radar
2025-09-01T03:37:50: DATABASE_URL not configured or invalid, using SQLite fallback
2025-09-01T03:37:56: [dotenv@17.2.1] injecting env (10) from .env -- tip: 🔐 prevent committing .env to code: https://dotenvx.com/precommit
2025-09-01T03:37:56: DATABASE_URL not configured or invalid, using SQLite fallback
2025-09-01T03:38:00: [dotenv@17.2.1] injecting env (10) from .env -- tip: 📡 observe env with Radar: https://dotenvx.com/radar
2025-09-01T03:38:00: DATABASE_URL not configured or invalid, using SQLite fallback
2025-09-01T03:38:04: [dotenv@17.2.1] injecting env (10) from .env -- tip: ⚙️  enable debug logging with { debug: true }
2025-09-01T03:38:04: DATABASE_URL not configured or invalid, using SQLite fallback
2025-09-01T03:38:07: [dotenv@17.2.1] injecting env (10) from .env -- tip: 🔐 prevent committing .env to code: https://dotenvx.com/precommit
2025-09-01T03:38:07: DATABASE_URL not configured or invalid, using SQLite fallback
2025-09-01T03:38:11: [dotenv@17.2.1] injecting env (10) from .env -- tip: 🔐 prevent building .env in docker: https://dotenvx.com/prebuild
2025-09-01T03:38:11: DATABASE_URL not configured or invalid, using SQLite fallback
2025-09-01T03:38:15: [dotenv@17.2.1] injecting env (10) from .env -- tip: ⚙️  specify custom .env file path with { path: '/custom/path/.env' }
2025-09-01T03:38:15: DATABASE_URL not configured or invalid, using SQLite fallback
2025-09-01T03:38:19: [dotenv@17.2.1] injecting env (10) from .env -- tip: ⚙️  enable debug logging with { debug: true }
2025-09-01T03:38:19: DATABASE_URL not configured or invalid, using SQLite fallback
2025-09-01T03:38:23: [dotenv@17.2.1] injecting env (10) from .env -- tip: ⚙️  write to custom object with { processEnv: myObject }
2025-09-01T03:38:23: DATABASE_URL not configured or invalid, using SQLite fallback
2025-09-01T03:38:27: [dotenv@17.2.1] injecting env (10) from .env -- tip: 🛠️  run anywhere with `dotenvx run -- yourcommand`
2025-09-01T03:38:27: DATABASE_URL not configured or invalid, using SQLite fallback
2025-09-01T03:38:31: [dotenv@17.2.1] injecting env (10) from .env -- tip: ⚙️  specify custom .env file path with { path: '/custom/path/.env' }
2025-09-01T03:38:31: DATABASE_URL not configured or invalid, using SQLite fallback
2025-09-01T03:38:35: [dotenv@17.2.1] injecting env (10) from .env -- tip: 📡 observe env with Radar: https://dotenvx.com/radar
2025-09-01T03:38:35: DATABASE_URL not configured or invalid, using SQLite fallback
2025-09-01T03:38:39: [dotenv@17.2.1] injecting env (10) from .env -- tip: ⚙️  enable debug logging with { debug: true }
2025-09-01T03:38:39: DATABASE_URL not configured or invalid, using SQLite fallback
2025-09-01T03:38:43: [dotenv@17.2.1] injecting env (10) from .env -- tip: 🔐 prevent building .env in docker: https://dotenvx.com/prebuild
2025-09-01T03:38:43: DATABASE_URL not configured or invalid, using SQLite fallback
2025-09-01T03:38:46: [dotenv@17.2.1] injecting env (10) from .env -- tip: 🔐 prevent committing .env to code: https://dotenvx.com/precommit
2025-09-01T03:38:46: DATABASE_URL not configured or invalid, using SQLite fallback
2025-09-01T03:38:50: [dotenv@17.2.1] injecting env (10) from .env -- tip: ⚙️  write to custom object with { processEnv: myObject }
2025-09-01T03:38:50: DATABASE_URL not configured or invalid, using SQLite fallback
2025-09-01T03:38:55: [dotenv@17.2.1] injecting env (10) from .env -- tip: ⚙️  specify custom .env file path with { path: '/custom/path/.env' }
2025-09-01T03:38:55: DATABASE_URL not configured or invalid, using SQLite fallback
2025-09-01T03:38:59: [dotenv@17.2.1] injecting env (10) from .env -- tip: ⚙️  override existing env vars with { override: true }
2025-09-01T03:38:59: DATABASE_URL not configured or invalid, using SQLite fallback
2025-09-01T03:39:02: [dotenv@17.2.1] injecting env (10) from .env -- tip: 🔐 encrypt with Dotenvx: https://dotenvx.com
2025-09-01T03:39:02: DATABASE_URL not configured or invalid, using SQLite fallback
2025-09-01T03:39:06: [dotenv@17.2.1] injecting env (10) from .env -- tip: 🔐 encrypt with Dotenvx: https://dotenvx.com
2025-09-01T03:39:06: DATABASE_URL not configured or invalid, using SQLite fallback
2025-09-01T03:39:09: [dotenv@17.2.1] injecting env (10) from .env -- tip: 📡 observe env with Radar: https://dotenvx.com/radar
2025-09-01T03:39:09: DATABASE_URL not configured or invalid, using SQLite fallback
2025-09-01T03:39:13: [dotenv@17.2.1] injecting env (10) from .env -- tip: 🔐 prevent committing .env to code: https://dotenvx.com/precommit
2025-09-01T03:39:13: DATABASE_URL not configured or invalid, using SQLite fallback
2025-09-01T03:39:16: [dotenv@17.2.1] injecting env (10) from .env -- tip: ⚙️  override existing env vars with { override: true }
2025-09-01T03:39:16: DATABASE_URL not configured or invalid, using SQLite fallback
2025-09-01T03:39:20: [dotenv@17.2.1] injecting env (10) from .env -- tip: 📡 version env with Radar: https://dotenvx.com/radar
2025-09-01T03:39:20: DATABASE_URL not configured or invalid, using SQLite fallback
2025-09-01T03:39:24: [dotenv@17.2.1] injecting env (10) from .env -- tip: 📡 version env with Radar: https://dotenvx.com/radar
2025-09-01T03:39:24: DATABASE_URL not configured or invalid, using SQLite fallback
2025-09-01T03:39:28: [dotenv@17.2.1] injecting env (10) from .env -- tip: ⚙️  load multiple .env files with { path: ['.env.local', '.env'] }
2025-09-01T03:39:28: DATABASE_URL not configured or invalid, using SQLite fallback
2025-09-01T03:39:31: [dotenv@17.2.1] injecting env (10) from .env -- tip: 🔐 encrypt with Dotenvx: https://dotenvx.com
2025-09-01T03:39:31: DATABASE_URL not configured or invalid, using SQLite fallback
2025-09-01T03:39:35: [dotenv@17.2.1] injecting env (10) from .env -- tip: ⚙️  write to custom object with { processEnv: myObject }
2025-09-01T03:39:35: DATABASE_URL not configured or invalid, using SQLite fallback
2025-09-01T03:39:39: [dotenv@17.2.1] injecting env (10) from .env -- tip: 📡 version env with Radar: https://dotenvx.com/radar
2025-09-01T03:39:39: DATABASE_URL not configured or invalid, using SQLite fallback
2025-09-01T03:39:42: [dotenv@17.2.1] injecting env (10) from .env -- tip: ⚙️  load multiple .env files with { path: ['.env.local', '.env'] }
2025-09-01T03:39:42: DATABASE_URL not configured or invalid, using SQLite fallback
2025-09-01T03:39:47: [dotenv@17.2.1] injecting env (10) from .env -- tip: ⚙️  specify custom .env file path with { path: '/custom/path/.env' }
2025-09-01T03:39:47: DATABASE_URL not configured or invalid, using SQLite fallback
2025-09-01T03:39:47: Using SQLite database at: /home/user/webapp/data/therapy.db
2025-09-01T03:39:47: Database tables initialized successfully
2025-09-01T03:39:47: Default admin user created (username: admin, password: admin123)
2025-09-01T03:39:51: 11:39:51 PM [express] serving on port 3000
2025-09-01T03:39:53: SIGINT received, shutting down gracefully
2025-09-01T03:39:57: [dotenv@17.2.1] injecting env (10) from .env -- tip: ⚙️  suppress all logs with { quiet: true }
2025-09-01T03:39:57: DATABASE_URL not configured or invalid, using SQLite fallback
2025-09-01T03:39:57: Using SQLite database at: /home/user/webapp/data/therapy.db
2025-09-01T03:39:57: Database tables initialized successfully
2025-09-01T03:39:59: 11:39:59 PM [express] serving on port 3000
2025-09-01T03:41:05: [dotenv@17.2.1] injecting env (10) from .env -- tip: ⚙️  override existing env vars with { override: true }
2025-09-01T03:41:05: DATABASE_URL not configured or invalid, using SQLite fallback
2025-09-01T03:41:05: Using SQLite database at: /home/user/webapp/data/therapy.db
2025-09-01T03:41:05: Database tables initialized successfully
2025-09-01T03:41:09: 11:41:09 PM [express] serving on port 3000
2025-09-01T03:41:10: 11:41:10 PM [express] GET /api/health 200 in 6ms :: {"status":"ok","timestamp":"2025-09-01T03:41:10.4…
2025-09-01T03:49:45: [dotenv@17.2.1] injecting env (10) from .env -- tip: 🛠️  run anywhere with `dotenvx run -- yourcommand`
2025-09-01T03:49:45: DATABASE_URL not configured or invalid, using SQLite fallback
2025-09-01T03:49:45: Using SQLite database at: /home/user/webapp/data/therapy.db
2025-09-01T03:49:45: Database tables initialized successfully
2025-09-01T03:49:50: 11:49:50 PM [express] serving on port 3000
2025-09-01T03:49:51: 11:49:51 PM [express] GET /api/health 200 in 8ms :: {"status":"ok","timestamp":"2025-09-01T03:49:51.8…
2025-09-01T03:51:27: 11:51:27 PM [express] GET /api/health 200 in 4ms :: {"status":"ok","timestamp":"2025-09-01T03:51:27.8…
2025-09-01T03:51:27: 11:51:27 PM [express] GET /api/health 200 in 2ms :: {"status":"ok","timestamp":"2025-09-01T03:51:27.8…
2025-09-01T03:51:27: 11:51:27 PM [express] GET /api/clients 200 in 8ms :: []
2025-09-01T03:51:27: 11:51:27 PM [express] GET /api/appointments 200 in 95ms
2025-09-01T03:51:27: 11:51:27 PM [express] GET /api/documents/search 500 in 32ms :: {"error":"Failed to fetch document","d…
2025-09-01T03:55:13: 11:55:13 PM [express] GET /api/documents/search 500 in 19ms :: {"error":"Failed to fetch document","d…
2025-09-01T03:55:52: 11:55:52 PM [express] GET /api/documents/search 404 in 4ms :: {"error":"Document not found"}
2025-09-01T03:56:02: 11:56:02 PM [express] GET /api/documents 200 in 38ms
2025-09-01T03:56:42: 11:56:42 PM [express] GET /api/health 200 in 1ms :: {"status":"ok","timestamp":"2025-09-01T03:56:42.9…
2025-09-01T03:56:42: 11:56:42 PM [express] GET /api/health 200 in 1ms :: {"status":"ok","timestamp":"2025-09-01T03:56:42.9…
2025-09-01T03:56:42: 11:56:42 PM [express] GET /api/clients 200 in 3ms :: []
2025-09-01T03:56:42: 11:56:42 PM [express] GET /api/appointments 200 in 14ms
2025-09-01T03:56:42: 11:56:42 PM [express] GET /api/documents/search 404 in 3ms :: {"error":"Document not found"}
2025-09-01T05:11:34: SIGINT received, shutting down gracefully
2025-09-01T05:11:39: [dotenv@17.2.1] injecting env (10) from .env -- tip: 📡 version env with Radar: https://dotenvx.com/radar
2025-09-01T05:11:39: DATABASE_URL not configured or invalid, using SQLite fallback
2025-09-01T05:11:39: Using SQLite database at: /home/user/webapp/data/therapy.db
2025-09-01T05:11:39: Database tables initialized successfully
2025-09-01T05:11:44: ✅ Fixed document routes registered successfully
2025-09-01T05:11:45: 1:11:44 AM [express] serving on port 3000
2025-09-01T05:11:46: 1:11:46 AM [express] GET /api/documents/search 404 in 21ms :: {"error":"Document not found"}
2025-09-01T05:12:03: 📄 Fetching documents with filters: { therapistId: undefined, clientId: undefined, category: undefined }
2025-09-01T05:12:03: ✅ Found 3 documents (total: 3)
2025-09-01T05:12:03: 1:12:03 AM [express] GET /api/documents 200 in 12ms :: {"documents":[{"id":"4c50f10a9311261e4e7f2b76…
2025-09-01T05:12:11: 1:12:11 AM [express] GET /api/documents/search 404 in 5ms :: {"error":"Document not found"}
2025-09-01T05:13:17: SIGINT received, shutting down gracefully
2025-09-01T05:13:20: [dotenv@17.2.1] injecting env (10) from .env -- tip: 🔐 encrypt with Dotenvx: https://dotenvx.com
2025-09-01T05:13:20: DATABASE_URL not configured or invalid, using SQLite fallback
2025-09-01T05:13:20: Using SQLite database at: /home/user/webapp/data/therapy.db
2025-09-01T05:13:20: Database tables initialized successfully
2025-09-01T05:13:24: ✅ Fixed document routes registered successfully
2025-09-01T05:13:24: 1:13:24 AM [express] serving on port 3000
2025-09-01T05:13:36: 🔍 Searching documents for query: "john"
2025-09-01T05:13:36: ✅ Found 2 results for query: "john"
2025-09-01T05:13:36: 1:13:36 AM [express] GET /api/documents/search 200 in 23ms :: {"results":[{"id":"4c50f10a9311261e4e7…
2025-09-01T05:15:00: 1:15:00 AM [express] GET /api/health 200 in 2ms :: {"status":"ok","timestamp":"2025-09-01T05:15:00.6…
2025-09-01T05:15:00: 1:15:00 AM [express] GET /api/health 200 in 2ms :: {"status":"ok","timestamp":"2025-09-01T05:15:00.6…
2025-09-01T05:15:00: 1:15:00 AM [express] GET /api/clients 200 in 4ms :: []
2025-09-01T05:15:00: 1:15:00 AM [express] GET /api/appointments 200 in 84ms
2025-09-01T05:15:00: 🔍 Searching documents for query: "test"
2025-09-01T05:15:00: ✅ Found 0 results for query: "test"
2025-09-01T05:15:00: 1:15:00 AM [express] GET /api/documents/search 200 in 4ms :: {"results":[],"query":"test","count":0}
